File logger.-Name : django.utils.autoreload
-Time : 2025-02-21 11:29:06,641
 -Level : INFO
 -Module : autoreload
 -Message : Watching for file changes with StatReloader
File logger.-Name : django.request
-Time : 2025-02-21 11:29:21,718
 -Level : WARNING
 -Module : log
 -Message : Not Found: /post/news/9999
File logger.-Name : django.utils.autoreload
-Time : 2025-02-21 11:29:55,106
 -Level : INFO
 -Module : autoreload
 -Message : C:\Users\ruskn\OneDrive\Рабочий стол\DjangoWeb\NewsPaper\NewsPaper\settings.py changed, reloading.
File logger.
-Name : django.utils.autoreload
-Time : 2025-02-21 11:29:56,324
 -Level : INFO
 -Module : autoreload
 -Message : Watching for file changes with StatReloader
File logger.
-Name : django.utils.autoreload
-Time : 2025-02-21 11:33:13,233
 -Level : INFO
 -Module : autoreload
 -Message : C:\Users\ruskn\OneDrive\Рабочий стол\DjangoWeb\NewsPaper\news\urls.py changed, reloading.
File logger.
-Name : django.utils.autoreload
-Time : 2025-02-21 11:33:14,411
 -Level : INFO
 -Module : autoreload
 -Message : Watching for file changes with StatReloader
File logger.
-Name : django.request
-Time : 2025-02-21 11:33:22,385
 -Level : WARNING
 -Module : log
 -Message : Not Found: /static/images/avatars/default.jpg
File logger.
-Name : django.utils.autoreload
-Time : 2025-02-21 11:33:31,951
 -Level : INFO
 -Module : autoreload
 -Message : C:\Users\ruskn\OneDrive\Рабочий стол\DjangoWeb\NewsPaper\news\urls.py changed, reloading.
File logger.
-Name : django.utils.autoreload
-Time : 2025-02-21 11:33:33,681
 -Level : INFO
 -Module : autoreload
 -Message : Watching for file changes with StatReloader
File logger.
-Name : django.utils.autoreload
-Time : 2025-02-21 11:33:52,340
 -Level : INFO
 -Module : autoreload
 -Message : C:\Users\ruskn\OneDrive\Рабочий стол\DjangoWeb\NewsPaper\news\views.py changed, reloading.
File logger.
-Name : django.utils.autoreload
-Time : 2025-02-21 11:33:54,219
 -Level : INFO
 -Module : autoreload
 -Message : Watching for file changes with StatReloader
File logger.
-Name : django.request
-Time : 2025-02-21 11:34:50,209
 -Level : ERROR
 -Module : log
 -Message : Internal Server Error: /post/home/
Traceback (most recent call last):
  File "C:\Users\ruskn\OneDrive\Рабочий стол\DjangoWeb\venv\Lib\site-packages\django\core\handlers\exception.py", line 55, in inner
    response = get_response(request)
               ^^^^^^^^^^^^^^^^^^^^^
  File "C:\Users\ruskn\OneDrive\Рабочий стол\DjangoWeb\venv\Lib\site-packages\django\core\handlers\base.py", line 197, in _get_response
    response = wrapped_callback(request, *callback_args, **callback_kwargs)
               ^^^^^^^^^^^^^^^^^^^^^^^^^^^^^^^^^^^^^^^^^^^^^^^^^^^^^^^^^^^^
  File "C:\Users\ruskn\OneDrive\Рабочий стол\DjangoWeb\NewsPaper\news\views.py", line 14, in get_top_rating_post
    ваываываыва
NameError: name 'ваываываыва' is not defined
File logger.
-Name : django.utils.autoreload
-Time : 2025-02-21 11:40:13,360
 -Level : INFO
 -Module : autoreload
 -Message : C:\Users\ruskn\OneDrive\Рабочий стол\DjangoWeb\NewsPaper\news\views.py changed, reloading.
File logger.
-Name : django.utils.autoreload
-Time : 2025-02-21 11:40:15,961
 -Level : INFO
 -Module : autoreload
 -Message : Watching for file changes with StatReloader
File logger.
-Name : django.utils.autoreload
-Time : 2025-02-21 11:49:08,557
 -Level : INFO
 -Module : autoreload
 -Message : C:\Users\ruskn\OneDrive\Рабочий стол\DjangoWeb\NewsPaper\NewsPaper\settings.py changed, reloading.
File logger.
-Name : django.utils.autoreload
-Time : 2025-02-21 11:49:10,065
 -Level : INFO
 -Module : autoreload
 -Message : Watching for file changes with StatReloader
File logger.
-Name : django.utils.autoreload
-Time : 2025-02-21 11:58:57,477
 -Level : INFO
 -Module : autoreload
 -Message : C:\Users\ruskn\OneDrive\Рабочий стол\DjangoWeb\NewsPaper\NewsPaper\settings.py changed, reloading.
File logger.
-Name : django.utils.autoreload
-Time : 2025-02-21 11:58:58,896
 -Level : INFO
 -Module : autoreload
 -Message : Watching for file changes with StatReloader
File logger.
-Name : django.utils.autoreload
-Time : 2025-02-21 12:01:33,558
 -Level : INFO
 -Module : autoreload
 -Message : C:\Users\ruskn\OneDrive\Рабочий стол\DjangoWeb\NewsPaper\NewsPaper\settings.py changed, reloading.
File logger.
-Name : django.utils.autoreload
-Time : 2025-02-21 12:01:34,726
 -Level : INFO
 -Module : autoreload
 -Message : Watching for file changes with StatReloader
File logger.
-Name : django.utils.autoreload
-Time : 2025-02-21 12:02:38,080
 -Level : INFO
 -Module : autoreload
 -Message : Watching for file changes with StatReloader
File logger.
-Name : django.utils.autoreload
-Time : 2025-02-21 12:03:36,853
 -Level : INFO
 -Module : autoreload
 -Message : C:\Users\ruskn\OneDrive\Рабочий стол\DjangoWeb\NewsPaper\NewsPaper\settings.py changed, reloading.
File logger.
-Name : django.utils.autoreload
-Time : 2025-02-21 12:03:38,441
 -Level : INFO
 -Module : autoreload
 -Message : Watching for file changes with StatReloader
File logger.
-Name : django.utils.autoreload
-Time : 2025-02-21 12:05:06,609
 -Level : INFO
 -Module : autoreload
 -Message : C:\Users\ruskn\OneDrive\Рабочий стол\DjangoWeb\NewsPaper\NewsPaper\settings.py changed, reloading.
File logger.
-Name : django.utils.autoreload
-Time : 2025-02-21 12:05:08,033
 -Level : INFO
 -Module : autoreload
 -Message : Watching for file changes with StatReloader
File logger.
-Name : django.utils.autoreload
-Time : 2025-02-21 12:09:25,187
 -Level : INFO
 -Module : autoreload
 -Message : C:\Users\ruskn\OneDrive\Рабочий стол\DjangoWeb\NewsPaper\NewsPaper\settings.py changed, reloading.
File logger.
-Name : django.utils.autoreload
-Time : 2025-02-21 12:09:26,401
 -Level : INFO
 -Module : autoreload
 -Message : Watching for file changes with StatReloader
File logger.
-Name : django.utils.autoreload
-Time : 2025-02-21 12:10:00,646
 -Level : INFO
 -Module : autoreload
 -Message : C:\Users\ruskn\OneDrive\Рабочий стол\DjangoWeb\NewsPaper\NewsPaper\settings.py changed, reloading.
File logger.
-Name : django.utils.autoreload
-Time : 2025-02-21 12:10:02,088
 -Level : INFO
 -Module : autoreload
 -Message : Watching for file changes with StatReloader
File logger.
-Name : django.utils.autoreload
-Time : 2025-02-21 12:11:01,998
 -Level : INFO
 -Module : autoreload
 -Message : C:\Users\ruskn\OneDrive\Рабочий стол\DjangoWeb\NewsPaper\NewsPaper\settings.py changed, reloading.
File logger.
-Name : django.utils.autoreload
-Time : 2025-02-21 12:11:03,140
 -Level : INFO
 -Module : autoreload
 -Message : Watching for file changes with StatReloader
File logger.
-Name : django.utils.autoreload
-Time : 2025-02-21 12:12:34,849
 -Level : INFO
 -Module : autoreload
 -Message : C:\Users\ruskn\OneDrive\Рабочий стол\DjangoWeb\NewsPaper\NewsPaper\settings.py changed, reloading.
File logger.
-Name : django.utils.autoreload
-Time : 2025-02-21 12:12:36,223
 -Level : INFO
 -Module : autoreload
 -Message : Watching for file changes with StatReloader
File logger.
-Name : django.request
-Time : 2025-02-21 12:12:39,411
 -Level : ERROR
 -Module : log
 -Message : Internal Server Error: /post/home/
Traceback (most recent call last):
  File "C:\Users\ruskn\OneDrive\Рабочий стол\DjangoWeb\venv\Lib\site-packages\django\core\handlers\exception.py", line 55, in inner
    response = get_response(request)
               ^^^^^^^^^^^^^^^^^^^^^
  File "C:\Users\ruskn\OneDrive\Рабочий стол\DjangoWeb\venv\Lib\site-packages\django\core\handlers\base.py", line 197, in _get_response
    response = wrapped_callback(request, *callback_args, **callback_kwargs)
               ^^^^^^^^^^^^^^^^^^^^^^^^^^^^^^^^^^^^^^^^^^^^^^^^^^^^^^^^^^^^
  File "C:\Users\ruskn\OneDrive\Рабочий стол\DjangoWeb\NewsPaper\news\views.py", line 15, in get_top_rating_post
    ваываываыва
NameError: name 'ваываываыва' is not defined
File logger.
-Name : django.utils.autoreload
-Time : 2025-02-21 12:14:54,416
 -Level : INFO
 -Module : autoreload
 -Message : C:\Users\ruskn\OneDrive\Рабочий стол\DjangoWeb\NewsPaper\NewsPaper\settings.py changed, reloading.
File logger.
-Name : django.utils.autoreload
<<<<<<< HEAD
-Time : 2025-02-21 13:09:33,812
-Level : INFO
-Module : autoreload
-Message : Watching for file changes with StatReloader

File logger.
-Name : django.utils.autoreload
-Time : 2025-02-21 13:11:14,847
-Level : INFO
-Module : autoreload
-Message : C:\Users\ruskn\OneDrive\Рабочий стол\DjangoWeb\NewsPaper\NewsPaper\settings.py changed, reloading.

File logger.
-Name : django.utils.autoreload
-Time : 2025-02-21 13:11:15,559
-Level : INFO
-Module : autoreload
-Message : Watching for file changes with StatReloader

File logger.
-Name : django.utils.autoreload
-Time : 2025-02-21 13:11:40,941
-Level : INFO
-Module : autoreload
-Message : C:\Users\ruskn\OneDrive\Рабочий стол\DjangoWeb\NewsPaper\NewsPaper\settings.py changed, reloading.

File logger.
-Name : django.utils.autoreload
-Time : 2025-02-21 13:11:41,631
-Level : INFO
-Module : autoreload
-Message : Watching for file changes with StatReloader

File logger.
-Name : django.utils.autoreload
-Time : 2025-02-21 13:13:52,653
=======
-Time : 2025-02-21 13:14:54,261
>>>>>>> temp
-Level : INFO
-Module : autoreload
-Message : Watching for file changes with StatReloader

File logger.
-Name : django.utils.autoreload
-Time : 2025-02-21 13:25:12,753
-Level : INFO
-Module : autoreload
-Message : Watching for file changes with StatReloader

File logger.
-Name : django.utils.autoreload
-Time : 2025-02-21 13:26:48,023
-Level : INFO
-Module : autoreload
-Message : Watching for file changes with StatReloader

File logger.
-Name : django.request
-Time : 2025-02-21 13:26:52,268
-Level : WARNING
-Module : log
-Message : Not Found: /static/css/self.css

File logger.
-Name : django.request
-Time : 2025-02-21 13:26:58,570
-Level : WARNING
-Module : log
-Message : Not Found: /static/css/self.css

File logger.
-Name : django.request
-Time : 2025-02-21 13:27:01,627
-Level : WARNING
-Module : log
-Message : Not Found: /static/css/self.css

File logger.
-Name : django.request
-Time : 2025-02-21 13:27:06,878
-Level : WARNING
-Module : log
-Message : Not Found: /static/css/self.css

File logger.
-Name : django.request
-Time : 2025-02-21 13:27:06,885
-Level : WARNING
-Module : log
-Message : Not Found: /static/images/avatars/default.jpg

File logger.
-Name : django.request
-Time : 2025-02-21 13:27:08,448
-Level : WARNING
-Module : log
-Message : Not Found: /static/css/self.css

File logger.
-Name : django.request
-Time : 2025-02-21 13:27:08,450
-Level : WARNING
-Module : log
-Message : Not Found: /static/images/avatars/default.jpg

File logger.
-Name : django.request
-Time : 2025-02-21 13:27:08,475
-Level : WARNING
-Module : log
-Message : Not Found: /static/images/avatars/default.jpg

File logger.
-Name : django.request
-Time : 2025-02-21 13:27:10,758
-Level : WARNING
-Module : log
-Message : Not Found: /static/css/self.css

File logger.
-Name : django.request
-Time : 2025-02-21 13:27:11,509
-Level : WARNING
-Module : log
-Message : Not Found: /static/css/self.css

File logger.
-Name : django.request
-Time : 2025-02-21 13:27:16,052
-Level : WARNING
-Module : log
-Message : Not Found: /static/css/self.css

File logger.
-Name : django.utils.autoreload
-Time : 2025-02-21 15:59:02,738
-Level : INFO
-Module : autoreload
-Message : Watching for file changes with StatReloader

File logger.
-Name : django.request
-Time : 2025-02-21 15:59:04,430
-Level : WARNING
-Module : log
-Message : Not Found: /static/css/self.css

File logger.
-Name : django.request
-Time : 2025-02-21 15:59:04,431
-Level : WARNING
-Module : log
-Message : Not Found: /static/css/styles.css

File logger.
-Name : django.request
-Time : 2025-02-21 15:59:04,540
-Level : WARNING
-Module : log
-Message : Not Found: /favicon.ico

File logger.
-Name : django.request
-Time : 2025-02-21 15:59:31,103
-Level : WARNING
-Module : log
-Message : Not Found: /static/css/self.css

File logger.
-Name : django.request
-Time : 2025-02-21 15:59:31,105
-Level : WARNING
-Module : log
-Message : Not Found: /static/css/styles.css

File logger.
-Name : django.request
-Time : 2025-02-21 15:59:31,108
-Level : WARNING
-Module : log
-Message : Not Found: /static/js/js.js

File logger.
-Name : django.request
-Time : 2025-02-21 15:59:31,123
-Level : WARNING
-Module : log
-Message : Not Found: /static/images/post items/icon comment.png

File logger.
-Name : django.request
-Time : 2025-02-21 15:59:31,126
-Level : WARNING
-Module : log
-Message : Not Found: /static/images/post items/icon rating.png

File logger.
-Name : django.request
-Time : 2025-02-21 15:59:34,865
-Level : WARNING
-Module : log
-Message : Not Found: /static/css/styles.css

File logger.
-Name : django.request
-Time : 2025-02-21 15:59:34,870
-Level : WARNING
-Module : log
-Message : Not Found: /static/css/self.css

File logger.
-Name : django.request
-Time : 2025-02-21 15:59:52,852
-Level : WARNING
-Module : log
-Message : Not Found: /static/css/self.css

File logger.
-Name : django.request
-Time : 2025-02-21 15:59:52,858
-Level : WARNING
-Module : log
-Message : Not Found: /static/css/styles.css

File logger.
-Name : django.request
-Time : 2025-02-21 15:59:52,862
-Level : WARNING
-Module : log
-Message : Not Found: /static/js/js.js

File logger.
-Name : django.request
-Time : 2025-02-21 15:59:53,534
-Level : WARNING
-Module : log
-Message : Not Found: /static/images/post items/icon comment.png

File logger.
-Name : django.request
-Time : 2025-02-21 15:59:53,539
-Level : WARNING
-Module : log
-Message : Not Found: /static/images/post items/icon rating.png

File logger.
-Name : django.request
-Time : 2025-02-21 15:59:53,677
-Level : WARNING
-Module : log
-Message : Not Found: /static/images/post items/icon comment.png

File logger.
-Name : django.request
-Time : 2025-02-21 15:59:53,683
-Level : WARNING
-Module : log
-Message : Not Found: /static/images/post items/icon rating.png

File logger.
-Name : django.utils.autoreload
-Time : 2025-02-21 16:03:11,106
-Level : INFO
-Module : autoreload
-Message : Watching for file changes with StatReloader

File logger.
-Name : django.request
-Time : 2025-02-21 16:03:27,541
-Level : WARNING
-Module : log
-Message : Not Found: /static/css/self.css

File logger.
-Name : django.request
-Time : 2025-02-21 16:03:27,552
-Level : WARNING
-Module : log
-Message : Not Found: /static/css/styles.css

File logger.
-Name : django.request
-Time : 2025-02-21 16:03:27,569
-Level : WARNING
-Module : log
-Message : Not Found: /static/js/js.js

File logger.
-Name : django.request
-Time : 2025-02-21 16:03:28,291
-Level : WARNING
-Module : log
-Message : Not Found: /static/images/post items/icon comment.png

File logger.
-Name : django.request
-Time : 2025-02-21 16:03:28,295
-Level : WARNING
-Module : log
-Message : Not Found: /static/images/post items/icon rating.png

File logger.
-Name : django.request
-Time : 2025-02-21 16:03:29,094
-Level : WARNING
-Module : log
-Message : Not Found: /static/images/post items/icon comment.png

File logger.
-Name : django.request
-Time : 2025-02-21 16:03:29,096
-Level : WARNING
-Module : log
-Message : Not Found: /static/images/post items/icon rating.png

File logger.
-Name : django.request
-Time : 2025-02-21 16:03:35,130
-Level : WARNING
-Module : log
-Message : Not Found: /static/css/self.css

File logger.
-Name : django.request
-Time : 2025-02-21 16:03:35,132
-Level : WARNING
-Module : log
-Message : Not Found: /static/css/styles.css

File logger.
-Name : django.request
-Time : 2025-02-21 16:03:35,140
-Level : WARNING
-Module : log
-Message : Not Found: /static/js/js.js

File logger.
-Name : django.request
-Time : 2025-02-21 16:03:35,719
-Level : WARNING
-Module : log
-Message : Not Found: /static/images/post items/icon comment.png

File logger.
-Name : django.request
-Time : 2025-02-21 16:03:35,723
-Level : WARNING
-Module : log
-Message : Not Found: /static/images/post items/icon rating.png

File logger.
-Name : django.request
-Time : 2025-02-21 16:03:35,790
-Level : WARNING
-Module : log
-Message : Not Found: /static/images/post items/icon comment.png

File logger.
-Name : django.request
-Time : 2025-02-21 16:03:35,792
-Level : WARNING
-Module : log
-Message : Not Found: /static/images/post items/icon rating.png

File logger.
-Name : django.request
-Time : 2025-02-21 16:03:54,970
-Level : WARNING
-Module : log
-Message : Not Found: /static/css/self.css

File logger.
-Name : django.request
-Time : 2025-02-21 16:03:54,979
-Level : WARNING
-Module : log
-Message : Not Found: /static/css/styles.css

File logger.
-Name : django.request
-Time : 2025-02-21 16:03:54,984
-Level : WARNING
-Module : log
-Message : Not Found: /static/js/js.js

File logger.
-Name : django.request
-Time : 2025-02-21 16:03:55,493
-Level : WARNING
-Module : log
-Message : Not Found: /static/images/post items/icon comment.png

File logger.
-Name : django.request
-Time : 2025-02-21 16:03:55,504
-Level : WARNING
-Module : log
-Message : Not Found: /static/images/post items/icon rating.png

File logger.
-Name : django.request
-Time : 2025-02-21 16:03:55,559
-Level : WARNING
-Module : log
-Message : Not Found: /static/images/post items/icon comment.png

File logger.
-Name : django.request
-Time : 2025-02-21 16:03:55,561
-Level : WARNING
-Module : log
-Message : Not Found: /static/images/post items/icon rating.png

File logger.
-Name : django.request
-Time : 2025-02-21 16:03:57,189
-Level : WARNING
-Module : log
-Message : Not Found: /static/css/self.css

File logger.
-Name : django.request
-Time : 2025-02-21 16:03:57,203
-Level : WARNING
-Module : log
-Message : Not Found: /static/css/styles.css

File logger.
-Name : django.request
-Time : 2025-02-21 16:03:57,206
-Level : WARNING
-Module : log
-Message : Not Found: /static/js/js.js

File logger.
-Name : django.request
-Time : 2025-02-21 16:04:01,747
-Level : WARNING
-Module : log
-Message : Not Found: /static/css/self.css

File logger.
-Name : django.request
-Time : 2025-02-21 16:04:01,752
-Level : WARNING
-Module : log
-Message : Not Found: /static/css/styles.css

File logger.
-Name : django.request
-Time : 2025-02-21 16:04:01,753
-Level : WARNING
-Module : log
-Message : Not Found: /static/images/avatars/default.jpg

File logger.
-Name : django.request
-Time : 2025-02-21 16:04:01,764
-Level : WARNING
-Module : log
-Message : Not Found: /static/images/avatars/2025/01/20/default_INAtMqo.jpg

File logger.
-Name : django.request
-Time : 2025-02-21 16:04:01,778
-Level : WARNING
-Module : log
-Message : Not Found: /static/images/avatars/2025/01/20/default.jpg

File logger.
-Name : django.request
-Time : 2025-02-21 16:04:02,036
-Level : WARNING
-Module : log
-Message : Not Found: /static/images/avatars/default.jpg

File logger.
-Name : django.request
-Time : 2025-02-21 16:04:10,858
-Level : WARNING
-Module : log
-Message : Not Found: /static/css/self.css

File logger.
-Name : django.request
-Time : 2025-02-21 16:04:10,862
-Level : WARNING
-Module : log
-Message : Not Found: /static/css/styles.css

File logger.
-Name : django.request
-Time : 2025-02-21 16:04:11,456
-Level : WARNING
-Module : log
-Message : Not Found: /static/images/avatars/default.jpg

File logger.
-Name : django.request
-Time : 2025-02-21 16:04:47,359
-Level : WARNING
-Module : log
-Message : Not Found: /static/css/self.css

File logger.
-Name : django.request
-Time : 2025-02-21 16:04:47,365
-Level : WARNING
-Module : log
-Message : Not Found: /static/css/styles.css

File logger.
-Name : django.request
-Time : 2025-02-21 16:04:48,240
-Level : WARNING
-Module : log
-Message : Not Found: /static/images/avatars/default.jpg

File logger.
-Name : django.utils.autoreload
-Time : 2025-02-21 16:05:30,842
-Level : INFO
-Module : autoreload
-Message : C:\Users\ruskn\OneDrive\Рабочий стол\DjangoWeb\NewsPaper\NewsPaper\settings.py changed, reloading.

File logger.
-Name : django.utils.autoreload
-Time : 2025-02-21 16:20:51,489
-Level : INFO
-Module : autoreload
-Message : Watching for file changes with StatReloader

File logger.
-Name : django.utils.autoreload
-Time : 2025-02-21 16:21:42,697
-Level : INFO
-Module : autoreload
-Message : C:\Users\ruskn\OneDrive\Рабочий стол\DjangoWeb\NewsPaper\NewsPaper\urls.py changed, reloading.

File logger.
-Name : django.utils.autoreload
-Time : 2025-02-21 16:21:44,141
-Level : INFO
-Module : autoreload
-Message : Watching for file changes with StatReloader

File logger.
-Name : django.request
-Time : 2025-02-21 16:21:47,810
-Level : WARNING
-Module : log
-Message : Not Found: /static/css/self.css

File logger.
-Name : django.request
-Time : 2025-02-21 16:21:47,811
-Level : WARNING
-Module : log
-Message : Not Found: /static/css/styles.css

File logger.
-Name : django.request
-Time : 2025-02-21 16:21:47,816
-Level : WARNING
-Module : log
-Message : Not Found: /static/js/js.js

File logger.
-Name : django.utils.autoreload
-Time : 2025-02-21 16:27:04,469
-Level : INFO
-Module : autoreload
-Message : C:\Users\ruskn\OneDrive\Рабочий стол\DjangoWeb\NewsPaper\NewsPaper\settings.py changed, reloading.

File logger.
-Name : django.utils.autoreload
-Time : 2025-02-21 16:28:12,317
-Level : INFO
-Module : autoreload
-Message : Watching for file changes with StatReloader

File logger.
-Name : django.request
-Time : 2025-02-21 16:28:15,975
-Level : WARNING
-Module : log
-Message : Not Found: /static/css/self.css

File logger.
-Name : django.request
-Time : 2025-02-21 16:28:15,981
-Level : WARNING
-Module : log
-Message : Not Found: /static/css/styles.css

File logger.
-Name : django.request
-Time : 2025-02-21 16:28:15,984
-Level : WARNING
-Module : log
-Message : Not Found: /static/js/js.js

File logger.
-Name : django.utils.autoreload
-Time : 2025-02-21 16:30:21,349
-Level : INFO
-Module : autoreload
-Message : C:\Users\ruskn\OneDrive\Рабочий стол\DjangoWeb\NewsPaper\NewsPaper\urls.py changed, reloading.

File logger.
-Name : django.utils.autoreload
-Time : 2025-02-21 16:30:22,812
-Level : INFO
-Module : autoreload
-Message : Watching for file changes with StatReloader

File logger.
-Name : django.request
-Time : 2025-02-21 16:30:27,172
-Level : WARNING
-Module : log
-Message : Not Found: /static/css/self.css

File logger.
-Name : django.request
-Time : 2025-02-21 16:30:27,180
-Level : WARNING
-Module : log
-Message : Not Found: /static/css/styles.css

File logger.
-Name : django.request
-Time : 2025-02-21 16:30:27,186
-Level : WARNING
-Module : log
-Message : Not Found: /static/js/js.js

File logger.
-Name : django.utils.autoreload
-Time : 2025-02-21 16:33:18,313
-Level : INFO
-Module : autoreload
-Message : C:\Users\ruskn\OneDrive\Рабочий стол\DjangoWeb\NewsPaper\NewsPaper\urls.py changed, reloading.

File logger.
-Name : django.utils.autoreload
-Time : 2025-02-21 16:33:19,429
-Level : INFO
-Module : autoreload
-Message : Watching for file changes with StatReloader

File logger.
-Name : django.utils.autoreload
-Time : 2025-02-21 16:34:04,692
-Level : INFO
-Module : autoreload
-Message : C:\Users\ruskn\OneDrive\Рабочий стол\DjangoWeb\NewsPaper\NewsPaper\urls.py changed, reloading.

File logger.
-Name : django.utils.autoreload
-Time : 2025-02-21 16:34:05,911
-Level : INFO
-Module : autoreload
-Message : Watching for file changes with StatReloader

File logger.
-Name : django.utils.autoreload
-Time : 2025-02-21 16:35:34,239
-Level : INFO
-Module : autoreload
-Message : C:\Users\ruskn\OneDrive\Рабочий стол\DjangoWeb\NewsPaper\NewsPaper\urls.py changed, reloading.

File logger.
-Name : django.utils.autoreload
-Time : 2025-02-21 16:35:35,381
-Level : INFO
-Module : autoreload
-Message : Watching for file changes with StatReloader

File logger.
-Name : django.utils.autoreload
-Time : 2025-02-21 16:36:02,377
-Level : INFO
-Module : autoreload
-Message : C:\Users\ruskn\OneDrive\Рабочий стол\DjangoWeb\NewsPaper\NewsPaper\urls.py changed, reloading.

File logger.
-Name : django.utils.autoreload
-Time : 2025-02-21 16:36:03,525
-Level : INFO
-Module : autoreload
-Message : Watching for file changes with StatReloader

File logger.
-Name : django.utils.autoreload
-Time : 2025-02-21 16:36:51,816
-Level : INFO
-Module : autoreload
-Message : C:\Users\ruskn\OneDrive\Рабочий стол\DjangoWeb\NewsPaper\NewsPaper\settings.py changed, reloading.

File logger.
-Name : django.utils.autoreload
-Time : 2025-02-21 16:36:52,913
-Level : INFO
-Module : autoreload
-Message : Watching for file changes with StatReloader

File logger.
-Name : django.utils.autoreload
-Time : 2025-02-21 16:37:58,070
-Level : INFO
-Module : autoreload
-Message : C:\Users\ruskn\OneDrive\Рабочий стол\DjangoWeb\NewsPaper\NewsPaper\settings.py changed, reloading.

File logger.
-Name : django.utils.autoreload
-Time : 2025-02-21 16:37:59,194
-Level : INFO
-Module : autoreload
-Message : Watching for file changes with StatReloader

File logger.
-Name : django.utils.autoreload
-Time : 2025-02-21 16:38:17,677
-Level : INFO
-Module : autoreload
-Message : C:\Users\ruskn\OneDrive\Рабочий стол\DjangoWeb\NewsPaper\NewsPaper\settings.py changed, reloading.

File logger.
-Name : django.utils.autoreload
-Time : 2025-02-21 16:38:18,872
-Level : INFO
-Module : autoreload
-Message : Watching for file changes with StatReloader

File logger.
-Name : django.utils.autoreload
-Time : 2025-02-21 16:39:01,174
-Level : INFO
-Module : autoreload
-Message : C:\Users\ruskn\OneDrive\Рабочий стол\DjangoWeb\NewsPaper\NewsPaper\settings.py changed, reloading.

File logger.
-Name : django.utils.autoreload
-Time : 2025-02-21 16:39:02,237
-Level : INFO
-Module : autoreload
-Message : Watching for file changes with StatReloader

File logger.
-Name : django.utils.autoreload
-Time : 2025-02-21 16:41:46,146
-Level : INFO
-Module : autoreload
-Message : C:\Users\ruskn\OneDrive\Рабочий стол\DjangoWeb\NewsPaper\NewsPaper\urls.py changed, reloading.

File logger.
-Name : django.utils.autoreload
-Time : 2025-02-21 16:41:47,296
-Level : INFO
-Module : autoreload
-Message : Watching for file changes with StatReloader

File logger.
-Name : django.utils.autoreload
-Time : 2025-02-21 16:42:00,591
-Level : INFO
-Module : autoreload
-Message : C:\Users\ruskn\OneDrive\Рабочий стол\DjangoWeb\NewsPaper\NewsPaper\urls.py changed, reloading.

File logger.
-Name : django.utils.autoreload
-Time : 2025-02-21 16:42:01,714
-Level : INFO
-Module : autoreload
-Message : Watching for file changes with StatReloader

File logger.
-Name : django.utils.autoreload
-Time : 2025-02-21 16:44:18,216
-Level : INFO
-Module : autoreload
-Message : C:\Users\ruskn\OneDrive\Рабочий стол\DjangoWeb\NewsPaper\NewsPaper\settings.py changed, reloading.

